<?xml version="1.0" encoding="UTF-8"?>
<testng-results ignored="0" total="6" passed="5" failed="1" skipped="0">
  <reporter-output>
  </reporter-output>
  <suite started-at="2024-12-19T14:28:40 COT" name="SuiteEcommerce" finished-at="2024-12-19T14:29:48 COT" duration-ms="67959">
    <groups>
    </groups>
    <test started-at="2024-12-19T14:28:40 COT" name="Register Page Test" finished-at="2024-12-19T14:28:49 COT" duration-ms="9110">
      <class name="testingforomi.RegisterUser.RegisterPageTest">
        <test-method is-config="true" signature="beforeClass()[pri:0, instance:testingforomi.RegisterUser.RegisterPageTest@5bc28f40]" started-at="2024-12-19T14:28:40 COT" name="beforeClass" finished-at="2024-12-19T14:28:44 COT" duration-ms="4432" status="PASS">
          <reporter-output>
          </reporter-output>
        </test-method> <!-- beforeClass -->
        <test-method signature="TestRegister()[pri:0, instance:testingforomi.RegisterUser.RegisterPageTest@5bc28f40]" started-at="2024-12-19T14:28:44 COT" name="TestRegister" finished-at="2024-12-19T14:28:45 COT" duration-ms="1267" status="FAIL">
          <exception class="java.lang.AssertionError">
            <message>
              <![CDATA[El mensaje de error se mostró.]]>
            </message>
            <full-stacktrace>
              <![CDATA[java.lang.AssertionError: El mensaje de error se mostró.
at org.junit.Assert.fail(Assert.java:89)
at org.junit.Assert.assertTrue(Assert.java:42)
at org.junit.Assert.assertFalse(Assert.java:65)
at testingforomi.RegisterUser.RegisterPageTest.TestRegister(RegisterPageTest.java:27)
at java.base/jdk.internal.reflect.DirectMethodHandleAccessor.invoke(DirectMethodHandleAccessor.java:103)
at java.base/java.lang.reflect.Method.invoke(Method.java:580)
at org.testng.internal.invokers.MethodInvocationHelper.invokeMethod(MethodInvocationHelper.java:141)
at org.testng.internal.invokers.TestInvoker.invokeMethod(TestInvoker.java:686)
at org.testng.internal.invokers.TestInvoker.invokeTestMethod(TestInvoker.java:230)
at org.testng.internal.invokers.MethodRunner.runInSequence(MethodRunner.java:63)
at org.testng.internal.invokers.TestInvoker$MethodInvocationAgent.invoke(TestInvoker.java:992)
at org.testng.internal.invokers.TestInvoker.invokeTestMethods(TestInvoker.java:203)
at org.testng.internal.invokers.TestMethodWorker.invokeTestMethods(TestMethodWorker.java:154)
at org.testng.internal.invokers.TestMethodWorker.run(TestMethodWorker.java:134)
at java.base/java.util.ArrayList.forEach(ArrayList.java:1597)
at org.testng.TestRunner.privateRun(TestRunner.java:739)
at org.testng.TestRunner.run(TestRunner.java:614)
at org.testng.SuiteRunner.runTest(SuiteRunner.java:421)
at org.testng.SuiteRunner.runSequentially(SuiteRunner.java:413)
at org.testng.SuiteRunner.privateRun(SuiteRunner.java:373)
at org.testng.SuiteRunner.run(SuiteRunner.java:312)
at org.testng.SuiteRunnerWorker.runSuite(SuiteRunnerWorker.java:52)
at org.testng.SuiteRunnerWorker.run(SuiteRunnerWorker.java:95)
at org.testng.TestNG.runSuitesSequentially(TestNG.java:1274)
at org.testng.TestNG.runSuitesLocally(TestNG.java:1208)
at org.testng.TestNG.runSuites(TestNG.java:1112)
at org.testng.TestNG.run(TestNG.java:1079)
at org.testng.remote.AbstractRemoteTestNG.run(AbstractRemoteTestNG.java:115)
at org.testng.remote.RemoteTestNG.initAndRun(RemoteTestNG.java:293)
at org.testng.remote.RemoteTestNG.main(RemoteTestNG.java:91)
]]>
            </full-stacktrace>
          </exception> <!-- java.lang.AssertionError -->
          <reporter-output>
          </reporter-output>
        </test-method> <!-- TestRegister -->
        <test-method is-config="true" signature="afterClass()[pri:0, instance:testingforomi.RegisterUser.RegisterPageTest@5bc28f40]" started-at="2024-12-19T14:28:46 COT" name="afterClass" finished-at="2024-12-19T14:28:49 COT" duration-ms="3238" status="PASS">
          <reporter-output>
          </reporter-output>
        </test-method> <!-- afterClass -->
      </class> <!-- testingforomi.RegisterUser.RegisterPageTest -->
    </test> <!-- Register Page Test -->
    <test started-at="2024-12-19T14:28:49 COT" name="Login Page Test" finished-at="2024-12-19T14:28:58 COT" duration-ms="9173">
      <class name="testingforomi.Login.LoginPageTest">
        <test-method is-config="true" signature="beforeClass()[pri:0, instance:testingforomi.Login.LoginPageTest@77bb48d5]" started-at="2024-12-19T14:28:49 COT" name="beforeClass" finished-at="2024-12-19T14:28:53 COT" duration-ms="3717" status="PASS">
          <reporter-output>
          </reporter-output>
        </test-method> <!-- beforeClass -->
        <test-method signature="TestLogin()[pri:0, instance:testingforomi.Login.LoginPageTest@77bb48d5]" started-at="2024-12-19T14:28:53 COT" name="TestLogin" finished-at="2024-12-19T14:28:55 COT" duration-ms="2262" status="PASS">
          <reporter-output>
          </reporter-output>
        </test-method> <!-- TestLogin -->
        <test-method is-config="true" signature="afterClass()[pri:0, instance:testingforomi.Login.LoginPageTest@77bb48d5]" started-at="2024-12-19T14:28:55 COT" name="afterClass" finished-at="2024-12-19T14:28:58 COT" duration-ms="3184" status="PASS">
          <reporter-output>
          </reporter-output>
        </test-method> <!-- afterClass -->
      </class> <!-- testingforomi.Login.LoginPageTest -->
    </test> <!-- Login Page Test -->
    <test started-at="2024-12-19T14:28:58 COT" name="Shopping Page Test" finished-at="2024-12-19T14:29:18 COT" duration-ms="19868">
      <class name="testingforomi.Shopping.ShoppingTest">
        <test-method is-config="true" signature="beforeClass()[pri:0, instance:testingforomi.Shopping.ShoppingTest@6c841199]" started-at="2024-12-19T14:28:58 COT" name="beforeClass" finished-at="2024-12-19T14:29:02 COT" duration-ms="4072" status="PASS">
          <reporter-output>
          </reporter-output>
        </test-method> <!-- beforeClass -->
        <test-method signature="ShopTest()[pri:0, instance:testingforomi.Shopping.ShoppingTest@6c841199]" started-at="2024-12-19T14:29:02 COT" name="ShopTest" finished-at="2024-12-19T14:29:15 COT" duration-ms="12536" status="PASS">
          <reporter-output>
          </reporter-output>
        </test-method> <!-- ShopTest -->
        <test-method is-config="true" signature="afterClass()[pri:0, instance:testingforomi.Shopping.ShoppingTest@6c841199]" started-at="2024-12-19T14:29:15 COT" name="afterClass" finished-at="2024-12-19T14:29:18 COT" duration-ms="3251" status="PASS">
          <reporter-output>
          </reporter-output>
        </test-method> <!-- afterClass -->
      </class> <!-- testingforomi.Shopping.ShoppingTest -->
    </test> <!-- Shopping Page Test -->
    <test started-at="2024-12-19T14:29:18 COT" name="Rsponsive Menu Page Test" finished-at="2024-12-19T14:29:27 COT" duration-ms="9280">
      <class name="testingforomi.ResponsiveMenu.ResponsiveMenuPageTest">
        <test-method is-config="true" signature="beforeClass()[pri:0, instance:testingforomi.ResponsiveMenu.ResponsiveMenuPageTest@2d64160c]" started-at="2024-12-19T14:29:18 COT" name="beforeClass" finished-at="2024-12-19T14:29:23 COT" duration-ms="4543" status="PASS">
          <reporter-output>
          </reporter-output>
        </test-method> <!-- beforeClass -->
        <test-method signature="MenuBurgerTesting()[pri:0, instance:testingforomi.ResponsiveMenu.ResponsiveMenuPageTest@2d64160c]" started-at="2024-12-19T14:29:23 COT" name="MenuBurgerTesting" finished-at="2024-12-19T14:29:24 COT" duration-ms="1599" status="PASS">
          <reporter-output>
          </reporter-output>
        </test-method> <!-- MenuBurgerTesting -->
        <test-method is-config="true" signature="afterClass()[pri:0, instance:testingforomi.ResponsiveMenu.ResponsiveMenuPageTest@2d64160c]" started-at="2024-12-19T14:29:24 COT" name="afterClass" finished-at="2024-12-19T14:29:27 COT" duration-ms="3132" status="PASS">
          <reporter-output>
          </reporter-output>
        </test-method> <!-- afterClass -->
      </class> <!-- testingforomi.ResponsiveMenu.ResponsiveMenuPageTest -->
    </test> <!-- Rsponsive Menu Page Test -->
    <test started-at="2024-12-19T14:29:27 COT" name="Responsive Bouild Computer Page Test" finished-at="2024-12-19T14:29:38 COT" duration-ms="10403">
      <class name="testingforomi.ResponsiveBuildComputer.BuildComputerTest">
        <test-method is-config="true" signature="beforeClass()[pri:0, instance:testingforomi.ResponsiveBuildComputer.BuildComputerTest@6325f352]" started-at="2024-12-19T14:29:27 COT" name="beforeClass" finished-at="2024-12-19T14:29:31 COT" duration-ms="4208" status="PASS">
          <reporter-output>
          </reporter-output>
        </test-method> <!-- beforeClass -->
        <test-method signature="MenuBurgerTesting()[pri:0, instance:testingforomi.ResponsiveBuildComputer.BuildComputerTest@6325f352]" started-at="2024-12-19T14:29:31 COT" name="MenuBurgerTesting" finished-at="2024-12-19T14:29:35 COT" duration-ms="3043" status="PASS">
          <reporter-output>
          </reporter-output>
        </test-method> <!-- MenuBurgerTesting -->
        <test-method is-config="true" signature="afterClass()[pri:0, instance:testingforomi.ResponsiveBuildComputer.BuildComputerTest@6325f352]" started-at="2024-12-19T14:29:35 COT" name="afterClass" finished-at="2024-12-19T14:29:38 COT" duration-ms="3145" status="PASS">
          <reporter-output>
          </reporter-output>
        </test-method> <!-- afterClass -->
      </class> <!-- testingforomi.ResponsiveBuildComputer.BuildComputerTest -->
    </test> <!-- Responsive Bouild Computer Page Test -->
    <test started-at="2024-12-19T14:29:38 COT" name="Responsive Advanced Search Page Test" finished-at="2024-12-19T14:29:48 COT" duration-ms="9946">
      <class name="testingforomi.ResponsiveAdvancedSearch.AdvancedSearchTest">
        <test-method is-config="true" signature="beforeClass()[pri:0, instance:testingforomi.ResponsiveAdvancedSearch.AdvancedSearchTest@2da3b078]" started-at="2024-12-19T14:29:38 COT" name="beforeClass" finished-at="2024-12-19T14:29:42 COT" duration-ms="3954" status="PASS">
          <reporter-output>
          </reporter-output>
        </test-method> <!-- beforeClass -->
        <test-method signature="AdvancedSearchTesting()[pri:0, instance:testingforomi.ResponsiveAdvancedSearch.AdvancedSearchTest@2da3b078]" started-at="2024-12-19T14:29:42 COT" name="AdvancedSearchTesting" finished-at="2024-12-19T14:29:44 COT" duration-ms="2834" status="PASS">
          <reporter-output>
          </reporter-output>
        </test-method> <!-- AdvancedSearchTesting -->
        <test-method is-config="true" signature="afterClass()[pri:0, instance:testingforomi.ResponsiveAdvancedSearch.AdvancedSearchTest@2da3b078]" started-at="2024-12-19T14:29:44 COT" name="afterClass" finished-at="2024-12-19T14:29:48 COT" duration-ms="3153" status="PASS">
          <reporter-output>
          </reporter-output>
        </test-method> <!-- afterClass -->
      </class> <!-- testingforomi.ResponsiveAdvancedSearch.AdvancedSearchTest -->
    </test> <!-- Responsive Advanced Search Page Test -->
  </suite> <!-- SuiteEcommerce -->
</testng-results>
